#
# A fatal error has been detected by the Java Runtime Environment:
#
#  EXCEPTION_ACCESS_VIOLATION (0xc0000005) at pc=0x00007ff83b2b9efe, pid=6532, tid=2752
#
# JRE version: Java(TM) SE Runtime Environment (14.0.2+12) (build 14.0.2+12-46)
# Java VM: Java HotSpot(TM) 64-Bit Server VM (14.0.2+12-46, mixed mode, sharing, tiered, compressed oops, g1 gc, windows-amd64)
# Problematic frame:
# V  [jvm.dll+0x299efe]
#
# No core dump will be written. Minidumps are not enabled by default on client versions of Windows
#
# If you would like to submit a bug report, please visit:
#   https://bugreport.java.com/bugreport/crash.jsp
#

---------------  S U M M A R Y ------------

Command Line: -Dcom.sun.management.jmxremote -Dcom.sun.management.jmxremote.port=64410 -Dcom.sun.management.jmxremote.authenticate=false -Dcom.sun.management.jmxremote.ssl=false -Djava.rmi.server.hostname=localhost -Dspring.jmx.enabled=true -Dspring.application.admin.enabled=true -Xverify:none -XX:TieredStopAtLevel=1 -Dspring.boot.project.name=wi_cafe -Dfile.encoding=UTF-8 com.wicafe.demo.WiCafeApplication --spring.output.ansi.enabled=always

Host: Intel(R) Core(TM) i3-5005U CPU @ 2.00GHz, 4 cores, 3G,  Windows 10 , 64 bit Build 18362 (10.0.18362.778)
Time: Sun Jan 24 00:29:36 2021 ???? (?W?€??) elapsed time: 209557 seconds (2d 10h 12m 37s)

---------------  T H R E A D  ---------------

Current thread (0x000002a3b047b800):  ConcurrentGCThread "G1 Conc#0" [stack: 0x000000cadab00000,0x000000cadac00000] [id=2752]

Stack: [0x000000cadab00000,0x000000cadac00000],  sp=0x000000cadabff190,  free space=1020k
Native frames: (J=compiled Java code, j=interpreted, Vv=VM code, C=native code)
V  [jvm.dll+0x299efe]
V  [jvm.dll+0x299c6f]
V  [jvm.dll+0x29922d]
V  [jvm.dll+0x2af63f]
V  [jvm.dll+0x2abbb1]
V  [jvm.dll+0x2aa8e6]
V  [jvm.dll+0x2ac38c]
V  [jvm.dll+0x2ab184]
V  [jvm.dll+0x2aec86]
V  [jvm.dll+0x76ec00]
V  [jvm.dll+0x6ffeda]
V  [jvm.dll+0x5f78f6]
C  [ucrtbase.dll+0x20e72]
C  [KERNEL32.DLL+0x17bd4]
C  [ntdll.dll+0x6ce51]


siginfo: EXCEPTION_ACCESS_VIOLATION (0xc0000005), reading address 0x00000000000000f8


Register to memory mapping:

RIP=0x00007ff83b2b9efe jvm.dll
RAX=0x000002a39682ced0 points into unknown readable memory: 00 00 00 00 00 00 00 00
RBX=0x000002a3b047c710 points into unknown readable memory: 68 c5 86 3b f8 7f 00 00
RCX=0x0000000000000014 is an unknown value
RDX=0x0 is NULL
RSP=0x000000cadabff190 points into unknown readable memory: 00 00 00 00 00 00 00 00
RBP=0x000002a39683ddc0 points into unknown readable memory: 00 90 47 b0 a3 02 00 00
RSI=0x000000cadabff390 points into unknown readable memory: 88 c5 86 3b f8 7f 00 00
RDI=0x0000000000000015 is an unknown value
R8 =0x0000000000000015 is an unknown value
R9 =0x0 is NULL
R10=0x0000000000000045 is an unknown value
R11=0x00007ff83b9dfdf0 jvm.dll
R12=0x0 is NULL
R13=0x0000000000000001 is an unknown value
R14=0x000002a3b047bc90 points into unknown readable memory: 00 00 00 00 00 00 00 00
R15=0x0 is NULL


Registers:
RAX=0x000002a39682ced0, RBX=0x000002a3b047c710, RCX=0x0000000000000014, RDX=0x0000000000000000
RSP=0x000000cadabff190, RBP=0x000002a39683ddc0, RSI=0x000000cadabff390, RDI=0x0000000000000015
R8 =0x0000000000000015, R9 =0x0000000000000000, R10=0x0000000000000045, R11=0x00007ff83b9dfdf0
R12=0x0000000000000000, R13=0x0000000000000001, R14=0x000002a3b047bc90, R15=0x0000000000000000
RIP=0x00007ff83b2b9efe, EFLAGS=0x0000000000010246

Top of Stack: (sp=0x000000cadabff190)
0x000000cadabff190:   0000000000000000 0000000000ae0baa
0x000000cadabff1a0:   0000000000000000 00007ff83b2b9fe2
0x000000cadabff1b0:   000000cadabff350 0000000000000015
0x000000cadabff1c0:   00000000c4087ff8 00007ff83b2b9c6f
0x000000cadabff1d0:   000002a3b047c710 000000cadabff390
0x000000cadabff1e0:   000002a3b047bc90 000002a3b047bc90
0x000000cadabff1f0:   00000000c408bff8 00007ff83b2b922d
0x000000cadabff200:   00000000c4088020 00000000c4088020
0x000000cadabff210:   000000cadabff390 00007ff83b2b7dad
0x000000cadabff220:   00000000c4087ff8 0000000000000800
0x000000cadabff230:   000002a3b047c710 00007ff83b2cf63f
0x000000cadabff240:   00000000c4087ff8 0000000000000000
0x000000cadabff250:   0000000000000800 00007ff83b2cf68a
0x000000cadabff260:   00000000c4087ff8 0000000000000800
0x000000cadabff270:   000000cadabff350 0000000000000040
0x000000cadabff280:   00000000c4087ff8 00007ff83b2cbbb1 

Instructions: (pc=0x00007ff83b2b9efe)
0x00007ff83b2b9dfe:   48 0b c7 48 3b c3 75 da 40 32 ed 4c 8b 74 24 58
0x00007ff83b2b9e0e:   40 0f b6 c5 48 8b 6c 24 48 48 8b 7c 24 50 48 8b
0x00007ff83b2b9e1e:   5c 24 40 48 83 c4 20 41 5f 41 5c 5e c3 80 3d 6f
0x00007ff83b2b9e2e:   62 7a 00 00 40 b5 01 74 15 8b 56 08 8b 0d 60 55
0x00007ff83b2b9e3e:   72 00 48 d3 e2 48 03 15 4e 55 72 00 eb 04 48 8b
0x00007ff83b2b9e4e:   56 08 48 8b ce e8 58 73 ee ff 8b 0d 52 6c 7a 00
0x00007ff83b2b9e5e:   4c 63 f0 49 8b 87 10 03 00 00 4a 8b 1c e0 48 8b
0x00007ff83b2b9e6e:   43 18 8b 7b 68 48 8b 40 10 48 2b f0 48 d3 ee 8b
0x00007ff83b2b9e7e:   f6 48 23 fe 48 c1 e7 04 48 03 7b 48 8b 07 3b c6
0x00007ff83b2b9e8e:   74 30 48 8b 4f 08 48 85 c9 74 10 8b d0 48 8b 43
0x00007ff83b2b9e9e:   38 48 8d 14 d0 ff 15 9f f1 73 00 48 c7 47 08 00
0x00007ff83b2b9eae:   00 00 00 89 37 48 ff 43 60 4c 01 77 08 e9 49 ff
0x00007ff83b2b9ebe:   ff ff 48 ff 43 58 4c 01 77 08 e9 3c ff ff ff cc
0x00007ff83b2b9ece:   cc cc 40 55 57 41 57 48 83 ec 20 48 8b 41 08 48
0x00007ff83b2b9ede:   8b e9 4d 8b c8 44 8b fa 49 8b f8 48 8b 80 00 01
0x00007ff83b2b9eee:   00 00 8b 48 68 48 8b 40 58 49 d3 e9 4e 8b 0c c8
0x00007ff83b2b9efe:   4d 3b 81 f8 00 00 00 72 0b 32 c0 48 83 c4 20 41
0x00007ff83b2b9f0e:   5f 5f 5d c3 48 89 5c 24 40 48 8b d7 48 8b 9d a0
0x00007ff83b2b9f1e:   00 00 00 48 89 74 24 48 48 8b cb 4c 89 74 24 50
0x00007ff83b2b9f2e:   48 8b 03 ff 10 8b 4b 18 48 8b d7 48 2b 53 08 be
0x00007ff83b2b9f3e:   01 00 00 00 48 8b 43 20 48 c1 ea 03 48 d3 ea 48
0x00007ff83b2b9f4e:   8b ca 48 c1 e9 06 48 8b 1c c8 4c 8d 34 c8 0f b6
0x00007ff83b2b9f5e:   ca 48 8b c3 80 e1 3f 48 d3 e6 48 0b c6 48 3b c3
0x00007ff83b2b9f6e:   74 26 4c 8b 0d c1 f0 73 00 4c 8b c3 49 8b d6 48
0x00007ff83b2b9f7e:   8b c8 41 ff d1 48 8b c8 48 3b c3 74 2a 48 8b d8
0x00007ff83b2b9f8e:   48 0b c6 48 3b c3 75 da 40 32 f6 4c 8b 74 24 50
0x00007ff83b2b9f9e:   40 0f b6 c6 48 8b 74 24 48 48 8b 5c 24 40 48 83
0x00007ff83b2b9fae:   c4 20 41 5f 5f 5d c3 80 3d e5 60 7a 00 00 40 b6
0x00007ff83b2b9fbe:   01 74 15 8b 57 08 8b 0d d6 53 72 00 48 d3 e2 48
0x00007ff83b2b9fce:   03 15 c4 53 72 00 eb 04 48 8b 57 08 48 8b cf e8
0x00007ff83b2b9fde:   ce 71 ee ff 8b 0d c8 6a 7a 00 4c 63 f0 48 8b 85
0x00007ff83b2b9fee:   10 03 00 00 4a 8b 1c f8 48 8b 43 18 48 8b 40 10 


Stack slot to memory mapping:
stack at sp + 0 slots: 0x0 is NULL
stack at sp + 1 slots: 0x0000000000ae0baa is an unknown value
stack at sp + 2 slots: 0x0 is NULL
stack at sp + 3 slots: 0x00007ff83b2b9fe2 jvm.dll
stack at sp + 4 slots: 0x000000cadabff350 points into unknown readable memory: c0 dd 83 96 a3 02 00 00
stack at sp + 5 slots: 0x0000000000000015 is an unknown value
stack at sp + 6 slots: 0x00000000c4087ff8 is an oop: [Ljava.lang.Object; 
{0x00000000c4087ff8} - klass: 'java/lang/Object'[]
 - length: 57352
stack at sp + 7 slots: 0x00007ff83b2b9c6f jvm.dll


---------------  P R O C E S S  ---------------

Threads class SMR info:
_java_thread_list=0x000002a3b52fd270, length=35, elements={
0x000002a3b065b000, 0x000002a3b065d000, 0x000002a3b31b0800, 0x000002a3b31b3800,
0x000002a3b31b4800, 0x000002a3b31b5800, 0x000002a3b31f0800, 0x000002a3b063f000,
0x000002a3b32d4800, 0x000002a3b3723800, 0x000002a3b372b000, 0x000002a3b3764800,
0x000002a3b39bd000, 0x000002a3b38a9800, 0x000002a3b3bc9800, 0x000002a3b3bc8800,
0x000002a3b3bca000, 0x000002a3b3bcc000, 0x000002a3b3bcd800, 0x000002a3b532b000,
0x000002a3b532d000, 0x000002a3b532a800, 0x000002a3b5329000, 0x000002a3b5329800,
0x000002a3b532c000, 0x000002a3b5328000, 0x000002a3b5327000, 0x000002a3b5333800,
0x000002a3b532d800, 0x000002a3b532e800, 0x000002a3b5330000, 0x000002a3b5331000,
0x000002a3b532f800, 0x000002a3b5336000, 0x000002a3b5332800
}

Java Threads: ( => current thread )
  0x000002a3b065b000 JavaThread "Reference Handler" daemon [_thread_blocked, id=1424, stack(0x000000cadaf00000,0x000000cadb000000)]
  0x000002a3b065d000 JavaThread "Finalizer" daemon [_thread_blocked, id=15260, stack(0x000000cadb000000,0x000000cadb100000)]
  0x000002a3b31b0800 JavaThread "Signal Dispatcher" daemon [_thread_blocked, id=6556, stack(0x000000cadb100000,0x000000cadb200000)]
  0x000002a3b31b3800 JavaThread "Attach Listener" daemon [_thread_blocked, id=9100, stack(0x000000cadb200000,0x000000cadb300000)]
  0x000002a3b31b4800 JavaThread "Service Thread" daemon [_thread_blocked, id=16816, stack(0x000000cadb300000,0x000000cadb400000)]
  0x000002a3b31b5800 JavaThread "C1 CompilerThread0" daemon [_thread_blocked, id=4028, stack(0x000000cadb400000,0x000000cadb500000)]
  0x000002a3b31f0800 JavaThread "Sweeper thread" daemon [_thread_blocked, id=11132, stack(0x000000cadb500000,0x000000cadb600000)]
  0x000002a3b063f000 JavaThread "Common-Cleaner" daemon [_thread_blocked, id=16084, stack(0x000000cadb600000,0x000000cadb700000)]
  0x000002a3b32d4800 JavaThread "Notification Thread" daemon [_thread_blocked, id=17604, stack(0x000000cadb700000,0x000000cadb800000)]
  0x000002a3b3723800 JavaThread "RMI TCP Accept-0" daemon [_thread_in_native, id=16216, stack(0x000000cadb800000,0x000000cadb900000)]
  0x000002a3b372b000 JavaThread "RMI TCP Accept-64410" daemon [_thread_in_native, id=660, stack(0x000000cadb900000,0x000000cadba00000)]
  0x000002a3b3764800 JavaThread "RMI TCP Accept-0" daemon [_thread_in_native, id=4380, stack(0x000000cadba00000,0x000000cadbb00000)]
  0x000002a3b39bd000 JavaThread "RMI TCP Connection(idle)" daemon [_thread_blocked, id=10980, stack(0x000000cadc000000,0x000000cadc100000)]
  0x000002a3b38a9800 JavaThread "RMI Scheduler(0)" daemon [_thread_blocked, id=3216, stack(0x000000cadc100000,0x000000cadc200000)]
  0x000002a3b3bc9800 JavaThread "Catalina-utility-1" [_thread_blocked, id=12948, stack(0x000000cadc700000,0x000000cadc800000)]
  0x000002a3b3bc8800 JavaThread "Catalina-utility-2" [_thread_blocked, id=15520, stack(0x000000cadc800000,0x000000cadc900000)]
  0x000002a3b3bca000 JavaThread "container-0" [_thread_blocked, id=1540, stack(0x000000cadc900000,0x000000cadca00000)]
  0x000002a3b3bcc000 JavaThread "HikariPool-1 housekeeper" daemon [_thread_blocked, id=12188, stack(0x000000cadcc00000,0x000000cadcd00000)]
  0x000002a3b3bcd800 JavaThread "File Watcher" daemon [_thread_blocked, id=9136, stack(0x000000cadcf00000,0x000000cadd000000)]
  0x000002a3b532b000 JavaThread "Live Reload Server" daemon [_thread_in_native, id=16420, stack(0x000000cadd000000,0x000000cadd100000)]
  0x000002a3b532d000 JavaThread "http-nio-5000-BlockPoller" daemon [_thread_in_native, id=7092, stack(0x000000cadd100000,0x000000cadd200000)]
  0x000002a3b532a800 JavaThread "http-nio-5000-exec-1" daemon [_thread_blocked, id=14940, stack(0x000000cadd200000,0x000000cadd300000)]
  0x000002a3b5329000 JavaThread "http-nio-5000-exec-2" daemon [_thread_blocked, id=6136, stack(0x000000cadd300000,0x000000cadd400000)]
  0x000002a3b5329800 JavaThread "http-nio-5000-exec-3" daemon [_thread_blocked, id=4068, stack(0x000000cadd400000,0x000000cadd500000)]
  0x000002a3b532c000 JavaThread "http-nio-5000-exec-4" daemon [_thread_blocked, id=16328, stack(0x000000cadd500000,0x000000cadd600000)]
  0x000002a3b5328000 JavaThread "http-nio-5000-exec-5" daemon [_thread_blocked, id=17552, stack(0x000000cadd600000,0x000000cadd700000)]
  0x000002a3b5327000 JavaThread "http-nio-5000-exec-6" daemon [_thread_blocked, id=7112, stack(0x000000cadd700000,0x000000cadd800000)]
  0x000002a3b5333800 JavaThread "http-nio-5000-exec-7" daemon [_thread_blocked, id=8676, stack(0x000000cadd800000,0x000000cadd900000)]
  0x000002a3b532d800 JavaThread "http-nio-5000-exec-8" daemon [_thread_blocked, id=17596, stack(0x000000cadd900000,0x000000cadda00000)]
  0x000002a3b532e800 JavaThread "http-nio-5000-exec-9" daemon [_thread_blocked, id=14980, stack(0x000000cadda00000,0x000000caddb00000)]
  0x000002a3b5330000 JavaThread "http-nio-5000-exec-10" daemon [_thread_blocked, id=17076, stack(0x000000caddb00000,0x000000caddc00000)]
  0x000002a3b5331000 JavaThread "http-nio-5000-ClientPoller" daemon [_thread_in_native, id=13384, stack(0x000000caddc00000,0x000000caddd00000)]
  0x000002a3b532f800 JavaThread "http-nio-5000-Acceptor" daemon [_thread_in_native, id=15196, stack(0x000000caddd00000,0x000000cadde00000)]
  0x000002a3b5336000 JavaThread "DestroyJavaVM" [_thread_blocked, id=16024, stack(0x000000cada800000,0x000000cada900000)]
  0x000002a3b5332800 JavaThread "JMX server connection timeout 121" daemon [_thread_blocked, id=14200, stack(0x000000cada500000,0x000000cada600000)]

Other Threads:
  0x000002a3b0657800 VMThread "VM Thread" [stack: 0x000000cadae00000,0x000000cadaf00000] [id=15972]
  0x000002a3b3765800 WatcherThread [stack: 0x000000cadbb00000,0x000000cadbc00000] [id=17816]
  0x000002a39683d000 GCTaskThread "GC Thread#0" [stack: 0x000000cada900000,0x000000cadaa00000] [id=13748]
  0x000002a3b3814000 GCTaskThread "GC Thread#1" [stack: 0x000000cadbc00000,0x000000cadbd00000] [id=15640]
  0x000002a3b3815800 GCTaskThread "GC Thread#2" [stack: 0x000000cadc500000,0x000000cadc600000] [id=2192]
  0x000002a3b3815000 GCTaskThread "GC Thread#3" [stack: 0x000000cadc600000,0x000000cadc700000] [id=4180]
  0x000002a3b0479000 ConcurrentGCThread "G1 Main Marker" [stack: 0x000000cadaa00000,0x000000cadab00000] [id=3396]
=>0x000002a3b047b800 ConcurrentGCThread "G1 Conc#0" [stack: 0x000000cadab00000,0x000000cadac00000] [id=2752]
  0x000002a3b04d3800 ConcurrentGCThread "G1 Refine#0" [stack: 0x000000cadac00000,0x000000cadad00000] [id=12060]
  0x000002a3b3388800 ConcurrentGCThread "G1 Refine#1" [stack: 0x000000cadbd00000,0x000000cadbe00000] [id=16076]
  0x000002a3b3817800 ConcurrentGCThread "G1 Refine#2" [stack: 0x000000cadbe00000,0x000000cadbf00000] [id=5204]
  0x000002a3b3281000 ConcurrentGCThread "G1 Refine#3" [stack: 0x000000cadc300000,0x000000cadc400000] [id=17720]
  0x000002a3b04d5000 ConcurrentGCThread "G1 Young RemSet Sampling" [stack: 0x000000cadad00000,0x000000cadae00000] [id=15428]

Threads with active compile tasks:

VM state:not at safepoint (normal execution)

VM Mutex/Monitor currently owned by a thread: None

Heap address: 0x00000000c1600000, size: 1002 MB, Compressed Oops mode: 32-bit
Narrow klass base: 0x0000000800000000, Narrow klass shift: 3
Compressed class space size: 1073741824 Address: 0x0000000800b30000

Heap:
 garbage-first heap   total 89088K, used 36225K [0x00000000c1600000, 0x0000000100000000)
  region size 1024K, 5 young (5120K), 4 survivors (4096K)
 Metaspace       used 52109K, capacity 53728K, committed 54192K, reserved 1095680K
  class space    used 7167K, capacity 7775K, committed 7936K, reserved 1048576K
Heap Regions: E=young(eden), S=young(survivor), O=old, HS=humongous(starts), HC=humongous(continues), CS=collection set, F=free, OA=open archive, CA=closed archive, TAMS=top-at-mark-start (previous, next)
|   0|0x00000000c1600000, 0x00000000c1700000, 0x00000000c1700000|100%|HS|  |TAMS 0x00000000c1700000, 0x00000000c1700000| Complete 
|   1|0x00000000c1700000, 0x00000000c1800000, 0x00000000c1800000|100%| O|  |TAMS 0x00000000c1800000, 0x00000000c1800000| Untracked 
|   2|0x00000000c1800000, 0x00000000c1900000, 0x00000000c1900000|100%| O|  |TAMS 0x00000000c1900000, 0x00000000c1900000| Untracked 
|   3|0x00000000c1900000, 0x00000000c1a00000, 0x00000000c1a00000|100%| O|  |TAMS 0x00000000c1a00000, 0x00000000c1a00000| Untracked 
|   4|0x00000000c1a00000, 0x00000000c1b00000, 0x00000000c1b00000|100%| O|  |TAMS 0x00000000c1b00000, 0x00000000c1b00000| Untracked 
|   5|0x00000000c1b00000, 0x00000000c1c00000, 0x00000000c1c00000|100%| O|  |TAMS 0x00000000c1c00000, 0x00000000c1c00000| Untracked 
|   6|0x00000000c1c00000, 0x00000000c1d00000, 0x00000000c1d00000|100%| O|  |TAMS 0x00000000c1d00000, 0x00000000c1d00000| Untracked 
|   7|0x00000000c1d00000, 0x00000000c1e00000, 0x00000000c1e00000|100%| O|  |TAMS 0x00000000c1e00000, 0x00000000c1e00000| Untracked 
|   8|0x00000000c1e00000, 0x00000000c1f00000, 0x00000000c1f00000|100%| O|  |TAMS 0x00000000c1e32800, 0x00000000c1f00000| Untracked 
|   9|0x00000000c1f00000, 0x00000000c2000000, 0x00000000c2000000|100%| O|  |TAMS 0x00000000c1f00000, 0x00000000c2000000| Untracked 
|  10|0x00000000c2000000, 0x00000000c2100000, 0x00000000c2100000|100%| O|  |TAMS 0x00000000c2000000, 0x00000000c2100000| Untracked 
|  11|0x00000000c2100000, 0x00000000c2200000, 0x00000000c2200000|100%| O|  |TAMS 0x00000000c2200000, 0x00000000c2200000| Untracked 
|  12|0x00000000c2200000, 0x00000000c2300000, 0x00000000c2300000|100%| O|  |TAMS 0x00000000c2300000, 0x00000000c2300000| Untracked 
|  13|0x00000000c2300000, 0x00000000c23f0a00, 0x00000000c2400000| 93%| O|  |TAMS 0x00000000c2300000, 0x00000000c239ac00| Untracked 
|  14|0x00000000c2400000, 0x00000000c2500000, 0x00000000c2500000|100%| O|  |TAMS 0x00000000c2500000, 0x00000000c2500000| Untracked 
|  15|0x00000000c2500000, 0x00000000c2600000, 0x00000000c2600000|100%| O|  |TAMS 0x00000000c2600000, 0x00000000c2600000| Untracked 
|  16|0x00000000c2600000, 0x00000000c2700000, 0x00000000c2700000|100%| O|  |TAMS 0x00000000c2700000, 0x00000000c2700000| Untracked 
|  17|0x00000000c2700000, 0x00000000c2800000, 0x00000000c2800000|100%| O|  |TAMS 0x00000000c2800000, 0x00000000c2800000| Untracked 
|  18|0x00000000c2800000, 0x00000000c2800000, 0x00000000c2900000|  0%| F|  |TAMS 0x00000000c2800000, 0x00000000c2800000| Untracked 
|  19|0x00000000c2900000, 0x00000000c2900000, 0x00000000c2a00000|  0%| F|  |TAMS 0x00000000c2900000, 0x00000000c2900000| Untracked 
|  20|0x00000000c2a00000, 0x00000000c2b00000, 0x00000000c2b00000|100%| O|  |TAMS 0x00000000c2b00000, 0x00000000c2b00000| Untracked 
|  21|0x00000000c2b00000, 0x00000000c2c00000, 0x00000000c2c00000|100%| O|  |TAMS 0x00000000c2c00000, 0x00000000c2c00000| Untracked 
|  22|0x00000000c2c00000, 0x00000000c2d00000, 0x00000000c2d00000|100%| O|  |TAMS 0x00000000c2d00000, 0x00000000c2d00000| Untracked 
|  23|0x00000000c2d00000, 0x00000000c2e00000, 0x00000000c2e00000|100%| O|  |TAMS 0x00000000c2e00000, 0x00000000c2e00000| Untracked 
|  24|0x00000000c2e00000, 0x00000000c2f00000, 0x00000000c2f00000|100%| O|  |TAMS 0x00000000c2f00000, 0x00000000c2f00000| Untracked 
|  25|0x00000000c2f00000, 0x00000000c3000000, 0x00000000c3000000|100%| O|  |TAMS 0x00000000c3000000, 0x00000000c3000000| Untracked 
|  26|0x00000000c3000000, 0x00000000c3100000, 0x00000000c3100000|100%| O|  |TAMS 0x00000000c3100000, 0x00000000c3100000| Untracked 
|  27|0x00000000c3100000, 0x00000000c3200000, 0x00000000c3200000|100%| O|  |TAMS 0x00000000c3200000, 0x00000000c3200000| Untracked 
|  28|0x00000000c3200000, 0x00000000c3300000, 0x00000000c3300000|100%| O|  |TAMS 0x00000000c3300000, 0x00000000c3300000| Untracked 
|  29|0x00000000c3300000, 0x00000000c3400000, 0x00000000c3400000|100%| O|  |TAMS 0x00000000c3400000, 0x00000000c3400000| Untracked 
|  30|0x00000000c3400000, 0x00000000c3500000, 0x00000000c3500000|100%| O|  |TAMS 0x00000000c3500000, 0x00000000c3500000| Untracked 
|  31|0x00000000c3500000, 0x00000000c3600000, 0x00000000c3600000|100%| O|  |TAMS 0x00000000c3600000, 0x00000000c3600000| Untracked 
|  32|0x00000000c3600000, 0x00000000c3600000, 0x00000000c3700000|  0%| F|  |TAMS 0x00000000c3600000, 0x00000000c3600000| Untracked 
|  33|0x00000000c3700000, 0x00000000c3700000, 0x00000000c3800000|  0%| F|  |TAMS 0x00000000c3700000, 0x00000000c3700000| Untracked 
|  34|0x00000000c3800000, 0x00000000c3800000, 0x00000000c3900000|  0%| F|  |TAMS 0x00000000c3800000, 0x00000000c3800000| Untracked 
|  35|0x00000000c3900000, 0x00000000c3a00000, 0x00000000c3a00000|100%| O|  |TAMS 0x00000000c3a00000, 0x00000000c3a00000| Untracked 
|  36|0x00000000c3a00000, 0x00000000c3a00000, 0x00000000c3b00000|  0%| F|  |TAMS 0x00000000c3a00000, 0x00000000c3a00000| Untracked 
|  37|0x00000000c3b00000, 0x00000000c3b00000, 0x00000000c3c00000|  0%| F|  |TAMS 0x00000000c3b00000, 0x00000000c3b00000| Untracked 
|  38|0x00000000c3c00000, 0x00000000c3c00000, 0x00000000c3d00000|  0%| F|  |TAMS 0x00000000c3c00000, 0x00000000c3c00000| Untracked 
|  39|0x00000000c3d00000, 0x00000000c3d00000, 0x00000000c3e00000|  0%| F|  |TAMS 0x00000000c3d00000, 0x00000000c3d00000| Untracked 
|  40|0x00000000c3e00000, 0x00000000c3e00000, 0x00000000c3f00000|  0%| F|  |TAMS 0x00000000c3e00000, 0x00000000c3e00000| Untracked 
|  41|0x00000000c3f00000, 0x00000000c3f00000, 0x00000000c4000000|  0%| F|  |TAMS 0x00000000c3f00000, 0x00000000c3f00000| Untracked 
|  42|0x00000000c4000000, 0x00000000c4100000, 0x00000000c4100000|100%| O|  |TAMS 0x00000000c4100000, 0x00000000c4100000| Untracked 
|  43|0x00000000c4100000, 0x00000000c4100000, 0x00000000c4200000|  0%| F|  |TAMS 0x00000000c4100000, 0x00000000c4100000| Untracked 
|  44|0x00000000c4200000, 0x00000000c4200000, 0x00000000c4300000|  0%| F|  |TAMS 0x00000000c4200000, 0x00000000c4200000| Untracked 
|  45|0x00000000c4300000, 0x00000000c4300000, 0x00000000c4400000|  0%| F|  |TAMS 0x00000000c4300000, 0x00000000c4300000| Untracked 
|  46|0x00000000c4400000, 0x00000000c446fa80, 0x00000000c4500000| 43%| S|CS|TAMS 0x00000000c4400000, 0x00000000c4400000| Complete 
|  47|0x00000000c4500000, 0x00000000c4600000, 0x00000000c4600000|100%| S|CS|TAMS 0x00000000c4500000, 0x00000000c4500000| Complete 
|  48|0x00000000c4600000, 0x00000000c4700000, 0x00000000c4700000|100%| S|CS|TAMS 0x00000000c4600000, 0x00000000c4600000| Complete 
|  49|0x00000000c4700000, 0x00000000c4800000, 0x00000000c4800000|100%| S|CS|TAMS 0x00000000c4700000, 0x00000000c4700000| Complete 
|  50|0x00000000c4800000, 0x00000000c4800000, 0x00000000c4900000|  0%| F|  |TAMS 0x00000000c4800000, 0x00000000c4800000| Untracked 
|  51|0x00000000c4900000, 0x00000000c4900000, 0x00000000c4a00000|  0%| F|  |TAMS 0x00000000c4900000, 0x00000000c4900000| Untracked 
|  52|0x00000000c4a00000, 0x00000000c4a00000, 0x00000000c4b00000|  0%| F|  |TAMS 0x00000000c4a00000, 0x00000000c4a00000| Untracked 
|  53|0x00000000c4b00000, 0x00000000c4b00000, 0x00000000c4c00000|  0%| F|  |TAMS 0x00000000c4b00000, 0x00000000c4b00000| Untracked 
|  54|0x00000000c4c00000, 0x00000000c4c00000, 0x00000000c4d00000|  0%| F|  |TAMS 0x00000000c4c00000, 0x00000000c4c00000| Untracked 
|  55|0x00000000c4d00000, 0x00000000c4d00000, 0x00000000c4e00000|  0%| F|  |TAMS 0x00000000c4d00000, 0x00000000c4d00000| Untracked 
|  56|0x00000000c4e00000, 0x00000000c4e00000, 0x00000000c4f00000|  0%| F|  |TAMS 0x00000000c4e00000, 0x00000000c4e00000| Untracked 
|  57|0x00000000c4f00000, 0x00000000c4f00000, 0x00000000c5000000|  0%| F|  |TAMS 0x00000000c4f00000, 0x00000000c4f00000| Untracked 
|  58|0x00000000c5000000, 0x00000000c5000000, 0x00000000c5100000|  0%| F|  |TAMS 0x00000000c5000000, 0x00000000c5000000| Untracked 
|  59|0x00000000c5100000, 0x00000000c5100000, 0x00000000c5200000|  0%| F|  |TAMS 0x00000000c5100000, 0x00000000c5100000| Untracked 
|  60|0x00000000c5200000, 0x00000000c5200000, 0x00000000c5300000|  0%| F|  |TAMS 0x00000000c5200000, 0x00000000c5200000| Untracked 
|  61|0x00000000c5300000, 0x00000000c5300000, 0x00000000c5400000|  0%| F|  |TAMS 0x00000000c5300000, 0x00000000c5300000| Untracked 
|  62|0x00000000c5400000, 0x00000000c5400000, 0x00000000c5500000|  0%| F|  |TAMS 0x00000000c5400000, 0x00000000c5400000| Untracked 
|  63|0x00000000c5500000, 0x00000000c5500000, 0x00000000c5600000|  0%| F|  |TAMS 0x00000000c5500000, 0x00000000c5500000| Untracked 
|  64|0x00000000c5600000, 0x00000000c5600000, 0x00000000c5700000|  0%| F|  |TAMS 0x00000000c5600000, 0x00000000c5600000| Untracked 
|  65|0x00000000c5700000, 0x00000000c5700000, 0x00000000c5800000|  0%| F|  |TAMS 0x00000000c5700000, 0x00000000c5700000| Untracked 
|  66|0x00000000c5800000, 0x00000000c5800000, 0x00000000c5900000|  0%| F|  |TAMS 0x00000000c5800000, 0x00000000c5800000| Untracked 
|  67|0x00000000c5900000, 0x00000000c5900000, 0x00000000c5a00000|  0%| F|  |TAMS 0x00000000c5900000, 0x00000000c5900000| Untracked 
|  68|0x00000000c5a00000, 0x00000000c5a00000, 0x00000000c5b00000|  0%| F|  |TAMS 0x00000000c5a00000, 0x00000000c5a00000| Untracked 
|  69|0x00000000c5b00000, 0x00000000c5b00000, 0x00000000c5c00000|  0%| F|  |TAMS 0x00000000c5b00000, 0x00000000c5b00000| Untracked 
|  70|0x00000000c5c00000, 0x00000000c5c00000, 0x00000000c5d00000|  0%| F|  |TAMS 0x00000000c5c00000, 0x00000000c5c00000| Untracked 
|  71|0x00000000c5d00000, 0x00000000c5d00000, 0x00000000c5e00000|  0%| F|  |TAMS 0x00000000c5d00000, 0x00000000c5d00000| Untracked 
|  72|0x00000000c5e00000, 0x00000000c5e00000, 0x00000000c5f00000|  0%| F|  |TAMS 0x00000000c5e00000, 0x00000000c5e00000| Untracked 
|  73|0x00000000c5f00000, 0x00000000c5f00000, 0x00000000c6000000|  0%| F|  |TAMS 0x00000000c5f00000, 0x00000000c5f00000| Untracked 
|  74|0x00000000c6000000, 0x00000000c6000000, 0x00000000c6100000|  0%| F|  |TAMS 0x00000000c6000000, 0x00000000c6000000| Untracked 
|  75|0x00000000c6100000, 0x00000000c6100000, 0x00000000c6200000|  0%| F|  |TAMS 0x00000000c6100000, 0x00000000c6100000| Untracked 
|  76|0x00000000c6200000, 0x00000000c6200000, 0x00000000c6300000|  0%| F|  |TAMS 0x00000000c6200000, 0x00000000c6200000| Untracked 
|  77|0x00000000c6300000, 0x00000000c6300000, 0x00000000c6400000|  0%| F|  |TAMS 0x00000000c6300000, 0x00000000c6300000| Untracked 
|  78|0x00000000c6400000, 0x00000000c6400000, 0x00000000c6500000|  0%| F|  |TAMS 0x00000000c6400000, 0x00000000c6400000| Untracked 
|  79|0x00000000c6500000, 0x00000000c6500000, 0x00000000c6600000|  0%| F|  |TAMS 0x00000000c6500000, 0x00000000c6500000| Untracked 
|  80|0x00000000c6600000, 0x00000000c6600000, 0x00000000c6700000|  0%| F|  |TAMS 0x00000000c6600000, 0x00000000c6600000| Untracked 
|  81|0x00000000c6700000, 0x00000000c6700000, 0x00000000c6800000|  0%| F|  |TAMS 0x00000000c6700000, 0x00000000c6700000| Untracked 
|  82|0x00000000c6800000, 0x00000000c6800000, 0x00000000c6900000|  0%| F|  |TAMS 0x00000000c6800000, 0x00000000c6800000| Untracked 
|  83|0x00000000c6900000, 0x00000000c6900000, 0x00000000c6a00000|  0%| F|  |TAMS 0x00000000c6900000, 0x00000000c6900000| Untracked 
|  84|0x00000000c6a00000, 0x00000000c6a00000, 0x00000000c6b00000|  0%| F|  |TAMS 0x00000000c6a00000, 0x00000000c6a00000| Untracked 
|  85|0x00000000c6b00000, 0x00000000c6b00000, 0x00000000c6c00000|  0%| F|  |TAMS 0x00000000c6b00000, 0x00000000c6b00000| Untracked 
|  86|0x00000000c6c00000, 0x00000000c6c67950, 0x00000000c6d00000| 40%| E|  |TAMS 0x00000000c6c00000, 0x00000000c6c00000| Complete 

Card table byte_map: [0x000002a3ae110000,0x000002a3ae310000] _byte_map_base: 0x000002a3adb05000

Marking Bits (Prev, Next): (CMBitMap*) 0x000002a39683ddd8, (CMBitMap*) 0x000002a39683de18
 Prev Bits: [0x000002a3ae510000, 0x000002a3af4b8000)
 Next Bits: [0x000002a3af4c0000, 0x000002a3b0468000)

Polling page: 0x000002a3958f0000

Metaspace:

Usage:
  Non-class:     44.88 MB capacity,    43.89 MB ( 98%) used,   828.60 KB (  2%) free+waste,   182.19 KB ( <1%) overhead. 
      Class:      7.59 MB capacity,     7.00 MB ( 92%) used,   518.38 KB (  7%) free+waste,    88.94 KB (  1%) overhead. 
       Both:     52.47 MB capacity,    50.89 MB ( 97%) used,     1.32 MB (  3%) free+waste,   271.13 KB ( <1%) overhead. 

Virtual space:
  Non-class space:       46.00 MB reserved,      45.17 MB ( 98%) committed 
      Class space:        1.00 GB reserved,       7.75 MB ( <1%) committed 
             Both:        1.04 GB reserved,      52.92 MB (  5%) committed 

Chunk freelists:
   Non-Class:  175.00 KB
       Class:  66.00 KB
        Both:  241.00 KB

MaxMetaspaceSize: 17179869184.00 GB
CompressedClassSpaceSize: 1.00 GB

CodeHeap 'non-profiled nmethods': size=238912Kb used=14315Kb max_used=14315Kb free=224596Kb
 bounds [0x000002a39f5c0000, 0x000002a3a03c0000, 0x000002a3adf10000]
CodeHeap 'non-nmethods': size=6848Kb used=1331Kb max_used=1331Kb free=5516Kb
 bounds [0x000002a39ef10000, 0x000002a39f180000, 0x000002a39f5c0000]
 total_blobs=8993 nmethods=8365 adapters=555
 compilation: enabled
              stopped_count=0, restarted_count=0
 full_count=0

Compilation events (20 events):
Event: 125553.227 Thread 0x000002a3b31b5800 8370       1       sun.util.resources.Bundles$CacheKey::calculateHashCode (30 bytes)
Event: 125553.229 Thread 0x000002a3b31b5800 nmethod 8370 0x000002a3a03a2790 code [0x000002a3a03a2940, 0x000002a3a03a2a78]
Event: 126259.835 Thread 0x000002a3b31b5800 8371       1       java.rmi.dgc.VMID::hashCode (8 bytes)
Event: 126259.881 Thread 0x000002a3b31b5800 nmethod 8371 0x000002a3a03a2b90 code [0x000002a3a03a2d20, 0x000002a3a03a2e18]
Event: 127665.168 Thread 0x000002a3b31b5800 8372       1       java.util.ListResourceBundle::handleGetObject (34 bytes)
Event: 127665.195 Thread 0x000002a3b31b5800 nmethod 8372 0x000002a3a03a2e90 code [0x000002a3a03a3040, 0x000002a3a03a3248]
Event: 127665.195 Thread 0x000002a3b31b5800 8373       1       org.springframework.boot.logging.logback.ColorConverter::transform (60 bytes)
Event: 127665.239 Thread 0x000002a3b31b5800 nmethod 8373 0x000002a3a03a3310 code [0x000002a3a03a3520, 0x000002a3a03a3b18]
Event: 127665.239 Thread 0x000002a3b31b5800 8374       1       org.springframework.boot.logging.logback.ColorConverter::toAnsiString (16 bytes)
Event: 127665.242 Thread 0x000002a3b31b5800 nmethod 8374 0x000002a3a03a3e10 code [0x000002a3a03a4000, 0x000002a3a03a4448]
Event: 128326.661 Thread 0x000002a3b31b5800 8375   !   1       java.lang.ref.Reference::processPendingReferences (132 bytes)
Event: 128326.677 Thread 0x000002a3b31b5800 nmethod 8375 0x000002a3a03a4610 code [0x000002a3a03a4860, 0x000002a3a03a5178]
Event: 208962.670 Thread 0x000002a3b31b5800 8376       1       java.util.concurrent.ConcurrentSkipListMap$Node::<init> (20 bytes)
Event: 208962.673 Thread 0x000002a3b31b5800 nmethod 8376 0x000002a3a03a5490 code [0x000002a3a03a5620, 0x000002a3a03a5818]
Event: 208963.773 Thread 0x000002a3b31b5800 8377       1       jdk.internal.reflect.AccessorGenerator::emitBoxingContantPoolEntries (1439 bytes)
Event: 208963.858 Thread 0x000002a3b31b5800 nmethod 8377 0x000002a3a03a5890 code [0x000002a3a03a7180, 0x000002a3a03b2998]
Event: 208963.877 Thread 0x000002a3b31b5800 8378       1       jdk.internal.reflect.ClassFileAssembler::opc_ifnull (37 bytes)
Event: 208963.887 Thread 0x000002a3b31b5800 nmethod 8378 0x000002a3a03b9e90 code [0x000002a3a03ba080, 0x000002a3a03ba4b8]
Event: 208964.560 Thread 0x000002a3b31b5800 8379   !   1       jdk.internal.reflect.GeneratedConstructorAccessor204::newInstance (49 bytes)
Event: 208964.563 Thread 0x000002a3b31b5800 nmethod 8379 0x000002a3a03ba790 code [0x000002a3a03ba960, 0x000002a3a03bac68]

GC Heap History (20 events):
Event: 124145.269 GC heap before
{Heap before GC invocations=214 (full 0):
 garbage-first heap   total 89088K, used 71781K [0x00000000c1600000, 0x0000000100000000)
  region size 1024K, 45 young (46080K), 1 survivors (1024K)
 Metaspace       used 52090K, capacity 53698K, committed 54192K, reserved 1095680K
  class space    used 7164K, capacity 7770K, committed 7936K, reserved 1048576K
}
Event: 124145.274 GC heap after
{Heap after GC invocations=215 (full 0):
 garbage-first heap   total 89088K, used 30611K [0x00000000c1600000, 0x0000000100000000)
  region size 1024K, 4 young (4096K), 4 survivors (4096K)
 Metaspace       used 52090K, capacity 53698K, committed 54192K, reserved 1095680K
  class space    used 7164K, capacity 7770K, committed 7936K, reserved 1048576K
}
Event: 124904.833 GC heap before
{Heap before GC invocations=215 (full 0):
 garbage-first heap   total 89088K, used 72595K [0x00000000c1600000, 0x0000000100000000)
  region size 1024K, 45 young (46080K), 4 survivors (4096K)
 Metaspace       used 52090K, capacity 53698K, committed 54192K, reserved 1095680K
  class space    used 7164K, capacity 7770K, committed 7936K, reserved 1048576K
}
Event: 124904.838 GC heap after
{Heap after GC invocations=216 (full 0):
 garbage-first heap   total 89088K, used 30557K [0x00000000c1600000, 0x0000000100000000)
  region size 1024K, 3 young (3072K), 3 survivors (3072K)
 Metaspace       used 52090K, capacity 53698K, committed 54192K, reserved 1095680K
  class space    used 7164K, capacity 7770K, committed 7936K, reserved 1048576K
}
Event: 125585.860 GC heap before
{Heap before GC invocations=217 (full 0):
 garbage-first heap   total 89088K, used 73565K [0x00000000c1600000, 0x0000000100000000)
  region size 1024K, 45 young (46080K), 3 survivors (3072K)
 Metaspace       used 52071K, capacity 53668K, committed 54192K, reserved 1095680K
  class space    used 7162K, capacity 7765K, committed 7936K, reserved 1048576K
}
Event: 125585.869 GC heap after
{Heap after GC invocations=218 (full 0):
 garbage-first heap   total 89088K, used 31084K [0x00000000c1600000, 0x0000000100000000)
  region size 1024K, 4 young (4096K), 4 survivors (4096K)
 Metaspace       used 52071K, capacity 53668K, committed 54192K, reserved 1095680K
  class space    used 7162K, capacity 7765K, committed 7936K, reserved 1048576K
}
Event: 125796.830 GC heap before
{Heap before GC invocations=218 (full 0):
 garbage-first heap   total 89088K, used 73068K [0x00000000c1600000, 0x0000000100000000)
  region size 1024K, 46 young (47104K), 4 survivors (4096K)
 Metaspace       used 52090K, capacity 53698K, committed 54192K, reserved 1095680K
  class space    used 7164K, capacity 7770K, committed 7936K, reserved 1048576K
}
Event: 125796.848 GC heap after
{Heap after GC invocations=219 (full 0):
 garbage-first heap   total 89088K, used 33896K [0x00000000c1600000, 0x0000000100000000)
  region size 1024K, 4 young (4096K), 4 survivors (4096K)
 Metaspace       used 52090K, capacity 53698K, committed 54192K, reserved 1095680K
  class space    used 7164K, capacity 7770K, committed 7936K, reserved 1048576K
}
Event: 126505.521 GC heap before
{Heap before GC invocations=220 (full 0):
 garbage-first heap   total 89088K, used 71784K [0x00000000c1600000, 0x0000000100000000)
  region size 1024K, 42 young (43008K), 4 survivors (4096K)
 Metaspace       used 52090K, capacity 53698K, committed 54192K, reserved 1095680K
  class space    used 7164K, capacity 7770K, committed 7936K, reserved 1048576K
}
Event: 126505.566 GC heap after
{Heap after GC invocations=221 (full 0):
 garbage-first heap   total 89088K, used 33082K [0x00000000c1600000, 0x0000000100000000)
  region size 1024K, 4 young (4096K), 4 survivors (4096K)
 Metaspace       used 52090K, capacity 53698K, committed 54192K, reserved 1095680K
  class space    used 7164K, capacity 7770K, committed 7936K, reserved 1048576K
}
Event: 127229.831 GC heap before
{Heap before GC invocations=221 (full 0):
 garbage-first heap   total 89088K, used 73018K [0x00000000c1600000, 0x0000000100000000)
  region size 1024K, 43 young (44032K), 4 survivors (4096K)
 Metaspace       used 52090K, capacity 53698K, committed 54192K, reserved 1095680K
  class space    used 7164K, capacity 7770K, committed 7936K, reserved 1048576K
}
Event: 127229.916 GC heap after
{Heap after GC invocations=222 (full 0):
 garbage-first heap   total 89088K, used 33167K [0x00000000c1600000, 0x0000000100000000)
  region size 1024K, 4 young (4096K), 4 survivors (4096K)
 Metaspace       used 52090K, capacity 53698K, committed 54192K, reserved 1095680K
  class space    used 7164K, capacity 7770K, committed 7936K, reserved 1048576K
}
Event: 127474.363 GC heap before
{Heap before GC invocations=223 (full 0):
 garbage-first heap   total 89088K, used 72079K [0x00000000c1600000, 0x0000000100000000)
  region size 1024K, 44 young (45056K), 4 survivors (4096K)
 Metaspace       used 52079K, capacity 53680K, committed 54192K, reserved 1095680K
  class space    used 7163K, capacity 7767K, committed 7936K, reserved 1048576K
}
Event: 127474.379 GC heap after
{Heap after GC invocations=224 (full 0):
 garbage-first heap   total 89088K, used 34596K [0x00000000c1600000, 0x0000000100000000)
  region size 1024K, 6 young (6144K), 6 survivors (6144K)
 Metaspace       used 52079K, capacity 53680K, committed 54192K, reserved 1095680K
  class space    used 7163K, capacity 7767K, committed 7936K, reserved 1048576K
}
Event: 128326.033 GC heap before
{Heap before GC invocations=224 (full 0):
 garbage-first heap   total 89088K, used 71460K [0x00000000c1600000, 0x0000000100000000)
  region size 1024K, 43 young (44032K), 6 survivors (6144K)
 Metaspace       used 52086K, capacity 53692K, committed 54192K, reserved 1095680K
  class space    used 7164K, capacity 7769K, committed 7936K, reserved 1048576K
}
Event: 128326.136 GC heap after
{Heap after GC invocations=225 (full 0):
 garbage-first heap   total 89088K, used 33382K [0x00000000c1600000, 0x0000000100000000)
  region size 1024K, 4 young (4096K), 4 survivors (4096K)
 Metaspace       used 52086K, capacity 53692K, committed 54192K, reserved 1095680K
  class space    used 7164K, capacity 7769K, committed 7936K, reserved 1048576K
}
Event: 208963.793 GC heap before
{Heap before GC invocations=226 (full 0):
 garbage-first heap   total 89088K, used 72294K [0x00000000c1600000, 0x0000000100000000)
  region size 1024K, 43 young (44032K), 4 survivors (4096K)
 Metaspace       used 52098K, capacity 53710K, committed 54192K, reserved 1095680K
  class space    used 7166K, capacity 7772K, committed 7936K, reserved 1048576K
}
Event: 208963.812 GC heap after
{Heap after GC invocations=227 (full 0):
 garbage-first heap   total 89088K, used 35198K [0x00000000c1600000, 0x0000000100000000)
  region size 1024K, 3 young (3072K), 3 survivors (3072K)
 Metaspace       used 52098K, capacity 53710K, committed 54192K, reserved 1095680K
  class space    used 7166K, capacity 7772K, committed 7936K, reserved 1048576K
}
Event: 209556.882 GC heap before
{Heap before GC invocations=227 (full 0):
 garbage-first heap   total 89088K, used 72062K [0x00000000c1600000, 0x0000000100000000)
  region size 1024K, 40 young (40960K), 3 survivors (3072K)
 Metaspace       used 52109K, capacity 53728K, committed 54192K, reserved 1095680K
  class space    used 7167K, capacity 7775K, committed 7936K, reserved 1048576K
}
Event: 209556.929 GC heap after
{Heap after GC invocations=228 (full 0):
 garbage-first heap   total 89088K, used 36225K [0x00000000c1600000, 0x0000000100000000)
  region size 1024K, 4 young (4096K), 4 survivors (4096K)
 Metaspace       used 52109K, capacity 53728K, committed 54192K, reserved 1095680K
  class space    used 7167K, capacity 7775K, committed 7936K, reserved 1048576K
}

Deoptimization events (8 events):
Event: 3.254 Thread 0x000002a3b3bc8000 DEOPT PACKING pc=0x000002a39f894f24 sp=0x000000cadc4fc5c0
Event: 3.254 Thread 0x000002a3b3bc8000 DEOPT UNPACKING pc=0x000002a39ef5964e sp=0x000000cadc4fbb38 mode 0
Event: 6.105 Thread 0x000002a3b3bc8000 DEOPT PACKING pc=0x000002a39f8af673 sp=0x000000cadc4fccb0
Event: 6.105 Thread 0x000002a3b3bc8000 DEOPT UNPACKING pc=0x000002a39ef5964e sp=0x000000cadc4fc1b8 mode 3
Event: 6.107 Thread 0x000002a3b3bc8000 DEOPT PACKING pc=0x000002a39f8ab0e6 sp=0x000000cadc4fcc70
Event: 6.107 Thread 0x000002a3b3bc8000 DEOPT UNPACKING pc=0x000002a39ef5964e sp=0x000000cadc4fc1b8 mode 3
Event: 10.913 Thread 0x000002a3b532a800 DEOPT PACKING pc=0x000002a39f70c864 sp=0x000000cadd2fb160
Event: 10.913 Thread 0x000002a3b532a800 DEOPT UNPACKING pc=0x000002a39ef5964e sp=0x000000cadd2fa688 mode 0

Classes unloaded (20 events):
Event: 121609.129 Thread 0x000002a3b0657800 Unloading class 0x0000000801272440 'jdk/internal/reflect/GeneratedConstructorAccessor179'
Event: 121609.129 Thread 0x000002a3b0657800 Unloading class 0x0000000800fe8840 'jdk/internal/reflect/GeneratedConstructorAccessor178'
Event: 121609.129 Thread 0x000002a3b0657800 Unloading class 0x0000000800dabc40 'jdk/internal/reflect/GeneratedConstructorAccessor177'
Event: 122450.401 Thread 0x000002a3b0657800 Unloading class 0x0000000801277c40 'jdk/internal/reflect/GeneratedConstructorAccessor187'
Event: 122450.401 Thread 0x000002a3b0657800 Unloading class 0x0000000800baf440 'jdk/internal/reflect/GeneratedConstructorAccessor186'
Event: 122450.401 Thread 0x000002a3b0657800 Unloading class 0x0000000800ba9040 'jdk/internal/reflect/GeneratedConstructorAccessor185'
Event: 122450.401 Thread 0x000002a3b0657800 Unloading class 0x0000000801175c40 'jdk/internal/reflect/GeneratedConstructorAccessor184'
Event: 122450.401 Thread 0x000002a3b0657800 Unloading class 0x00000008010eb040 'jdk/internal/reflect/GeneratedConstructorAccessor183'
Event: 122450.402 Thread 0x000002a3b0657800 Unloading class 0x0000000800d97840 'jdk/internal/reflect/GeneratedConstructorAccessor182'
Event: 124904.887 Thread 0x000002a3b0657800 Unloading class 0x0000000800dabc40 'jdk/internal/reflect/GeneratedConstructorAccessor192'
Event: 124904.887 Thread 0x000002a3b0657800 Unloading class 0x0000000800fe8840 'jdk/internal/reflect/GeneratedConstructorAccessor191'
Event: 124904.887 Thread 0x000002a3b0657800 Unloading class 0x0000000801272440 'jdk/internal/reflect/GeneratedConstructorAccessor190'
Event: 124904.887 Thread 0x000002a3b0657800 Unloading class 0x0000000801274440 'jdk/internal/reflect/GeneratedConstructorAccessor189'
Event: 124904.887 Thread 0x000002a3b0657800 Unloading class 0x0000000800ba8440 'jdk/internal/reflect/GeneratedConstructorAccessor188'
Event: 127230.268 Thread 0x000002a3b0657800 Unloading class 0x0000000800d97840 'jdk/internal/reflect/GeneratedConstructorAccessor198'
Event: 127230.268 Thread 0x000002a3b0657800 Unloading class 0x00000008010eb040 'jdk/internal/reflect/GeneratedConstructorAccessor197'
Event: 127230.268 Thread 0x000002a3b0657800 Unloading class 0x0000000801175c40 'jdk/internal/reflect/GeneratedConstructorAccessor196'
Event: 127230.268 Thread 0x000002a3b0657800 Unloading class 0x0000000800ba9040 'jdk/internal/reflect/GeneratedConstructorAccessor195'
Event: 127230.268 Thread 0x000002a3b0657800 Unloading class 0x0000000800baf440 'jdk/internal/reflect/GeneratedConstructorAccessor194'
Event: 127230.268 Thread 0x000002a3b0657800 Unloading class 0x0000000801277c40 'jdk/internal/reflect/GeneratedConstructorAccessor193'

Classes redefined (0 events):
No events

Internal exceptions (20 events):
Event: 208964.371 Thread 0x000002a3b5334000 Exception <a 'java/io/FileNotFoundException'{0x00000000c62b4cd0}> (0x00000000c62b4cd0) 
thrown [./open/src/hotspot/share/prims/jni.cpp, line 599]
Event: 208964.371 Thread 0x000002a3b5334000 Exception <a 'java/io/FileNotFoundException'{0x00000000c62bdc38}> (0x00000000c62bdc38) 
thrown [./open/src/hotspot/share/prims/jni.cpp, line 599]
Event: 208964.372 Thread 0x000002a3b5334000 Exception <a 'java/io/FileNotFoundException'{0x00000000c62c6ba0}> (0x00000000c62c6ba0) 
thrown [./open/src/hotspot/share/prims/jni.cpp, line 599]
Event: 208964.372 Thread 0x000002a3b5334000 Exception <a 'java/io/FileNotFoundException'{0x00000000c62d5068}> (0x00000000c62d5068) 
thrown [./open/src/hotspot/share/prims/jni.cpp, line 599]
Event: 208964.373 Thread 0x000002a3b5334000 Exception <a 'java/io/FileNotFoundException'{0x00000000c62ddfd0}> (0x00000000c62ddfd0) 
thrown [./open/src/hotspot/share/prims/jni.cpp, line 599]
Event: 208964.374 Thread 0x000002a3b5334000 Exception <a 'java/io/FileNotFoundException'{0x00000000c62e6f38}> (0x00000000c62e6f38) 
thrown [./open/src/hotspot/share/prims/jni.cpp, line 599]
Event: 208964.374 Thread 0x000002a3b5334000 Exception <a 'java/io/FileNotFoundException'{0x00000000c62f5640}> (0x00000000c62f5640) 
thrown [./open/src/hotspot/share/prims/jni.cpp, line 599]
Event: 208964.558 Thread 0x000002a3b5334000 Exception <a 'java/io/FileNotFoundException'{0x00000000c5fdc5c0}> (0x00000000c5fdc5c0) 
thrown [./open/src/hotspot/share/prims/jni.cpp, line 599]
Event: 208964.559 Thread 0x000002a3b5334000 Exception <a 'java/io/FileNotFoundException'{0x00000000c5feacd0}> (0x00000000c5feacd0) 
thrown [./open/src/hotspot/share/prims/jni.cpp, line 599]
Event: 208964.559 Thread 0x000002a3b5334000 Exception <a 'java/io/FileNotFoundException'{0x00000000c5ff3c38}> (0x00000000c5ff3c38) 
thrown [./open/src/hotspot/share/prims/jni.cpp, line 599]
Event: 208964.560 Thread 0x000002a3b5334000 Exception <a 'java/io/FileNotFoundException'{0x00000000c5e02590}> (0x00000000c5e02590) 
thrown [./open/src/hotspot/share/prims/jni.cpp, line 599]
Event: 208964.561 Thread 0x000002a3b5334000 Exception <a 'java/io/FileNotFoundException'{0x00000000c5e0b4f8}> (0x00000000c5e0b4f8) 
thrown [./open/src/hotspot/share/prims/jni.cpp, line 599]
Event: 208964.561 Thread 0x000002a3b5334000 Exception <a 'java/io/FileNotFoundException'{0x00000000c5e14460}> (0x00000000c5e14460) 
thrown [./open/src/hotspot/share/prims/jni.cpp, line 599]
Event: 208964.562 Thread 0x000002a3b5334000 Exception <a 'java/io/FileNotFoundException'{0x00000000c5e22928}> (0x00000000c5e22928) 
thrown [./open/src/hotspot/share/prims/jni.cpp, line 599]
Event: 208964.562 Thread 0x000002a3b5334000 Exception <a 'java/io/FileNotFoundException'{0x00000000c5e2b890}> (0x00000000c5e2b890) 
thrown [./open/src/hotspot/share/prims/jni.cpp, line 599]
Event: 208964.563 Thread 0x000002a3b5334000 Exception <a 'java/io/FileNotFoundException'{0x00000000c5e347f8}> (0x00000000c5e347f8) 
thrown [./open/src/hotspot/share/prims/jni.cpp, line 599]
Event: 208964.564 Thread 0x000002a3b5334000 Exception <a 'java/io/FileNotFoundException'{0x00000000c5e42f10}> (0x00000000c5e42f10) 
thrown [./open/src/hotspot/share/prims/jni.cpp, line 599]
Event: 208964.564 Thread 0x000002a3b5334000 Exception <a 'java/io/FileNotFoundException'{0x00000000c5e4be78}> (0x00000000c5e4be78) 
thrown [./open/src/hotspot/share/prims/jni.cpp, line 599]
Event: 208964.565 Thread 0x000002a3b5334000 Exception <a 'java/io/FileNotFoundException'{0x00000000c5e54de0}> (0x00000000c5e54de0) 
thrown [./open/src/hotspot/share/prims/jni.cpp, line 599]
Event: 208964.566 Thread 0x000002a3b5334000 Exception <a 'java/io/FileNotFoundException'{0x00000000c5e632a8}> (0x00000000c5e632a8) 
thrown [./open/src/hotspot/share/prims/jni.cpp, line 599]

Events (20 events):
Event: 204254.465 Executing VM operation: HandshakeOneThread
Event: 204254.465 Executing VM operation: HandshakeOneThread done
Event: 204254.465 Executing VM operation: HandshakeOneThread
Event: 204254.465 Executing VM operation: HandshakeOneThread done
Event: 204254.466 Executing VM operation: HandshakeOneThread
Event: 204254.466 Executing VM operation: HandshakeOneThread done
Event: 208954.107 Executing VM operation: HandshakeOneThread
Event: 208954.108 Executing VM operation: HandshakeOneThread done
Event: 208954.108 Thread 0x000002a3b5332000 Thread exited: 0x000002a3b5332000
Event: 208963.790 Executing VM operation: G1CollectForAllocation
Event: 208963.812 Executing VM operation: G1CollectForAllocation done
Event: 208963.813 Executing VM operation: HandshakeOneThread
Event: 208963.813 Executing VM operation: HandshakeOneThread done
Event: 208963.813 Executing VM operation: HandshakeOneThread
Event: 208963.813 Executing VM operation: HandshakeOneThread done
Event: 208969.661 Executing VM operation: HandshakeOneThread
Event: 208969.661 Executing VM operation: HandshakeOneThread done
Event: 208969.661 Thread 0x000002a3b5334000 Thread exited: 0x000002a3b5334000
Event: 209556.881 Executing VM operation: G1CollectForAllocation
Event: 209556.929 Executing VM operation: G1CollectForAllocation done


Dynamic libraries:
0x00007ff614310000 - 0x00007ff61431f000 	C:\Program Files (x86)\jdk-14.0.2\bin\javaw.exe
0x00007ff89f040000 - 0x00007ff89f230000 	C:\WINDOWS\SYSTEM32\ntdll.dll
0x00007ff89e8c0000 - 0x00007ff89e972000 	C:\WINDOWS\System32\KERNEL32.DLL
0x00007ff89c1d0000 - 0x00007ff89c473000 	C:\WINDOWS\System32\KERNELBASE.dll
0x00007ff89c0d0000 - 0x00007ff89c1ca000 	C:\WINDOWS\System32\ucrtbase.dll
0x00007ff892da0000 - 0x00007ff892db8000 	C:\Program Files (x86)\jdk-14.0.2\bin\jli.dll
0x00007ff89e3d0000 - 0x00007ff89e473000 	C:\WINDOWS\System32\ADVAPI32.dll
0x00007ff89ef60000 - 0x00007ff89effe000 	C:\WINDOWS\System32\msvcrt.dll
0x00007ff89e6c0000 - 0x00007ff89e757000 	C:\WINDOWS\System32\sechost.dll
0x00007ff8929a0000 - 0x00007ff8929b5000 	C:\Program Files (x86)\jdk-14.0.2\bin\VCRUNTIME140.dll
0x00007ff89ee40000 - 0x00007ff89ef60000 	C:\WINDOWS\System32\RPCRT4.dll
0x00007ff89ec00000 - 0x00007ff89ed94000 	C:\WINDOWS\System32\USER32.dll
0x00007ff89c480000 - 0x00007ff89c4a1000 	C:\WINDOWS\System32\win32u.dll
0x00007ff89e770000 - 0x00007ff89e796000 	C:\WINDOWS\System32\GDI32.dll
0x00007ff89cf50000 - 0x00007ff89d0e4000 	C:\WINDOWS\System32\gdi32full.dll
0x00007ff89cc30000 - 0x00007ff89ccce000 	C:\WINDOWS\System32\msvcp_win.dll
0x00007ff888aa0000 - 0x00007ff888d25000 	C:\WINDOWS\WinSxS\amd64_microsoft.windows.common-controls_6595b64144ccf1df_6.0.18362.778_none_e6c6b761130d4fb8\COMCTL32.dll
0x00007ff89de00000 - 0x00007ff89e136000 	C:\WINDOWS\System32\combase.dll
0x00007ff89bff0000 - 0x00007ff89c070000 	C:\WINDOWS\System32\bcryptPrimitives.dll
0x00007ff893820000 - 0x00007ff89382a000 	C:\WINDOWS\SYSTEM32\VERSION.dll
0x00007ff89eda0000 - 0x00007ff89edce000 	C:\WINDOWS\System32\IMM32.DLL
0x00007ff894fa0000 - 0x00007ff8951a1000 	C:\WINDOWS\system32\tmumh\20019\AddOn\8.53.0.1066\TmUmEvt64.dll
0x00007ff89d150000 - 0x00007ff89d158000 	C:\WINDOWS\System32\PSAPI.DLL
0x0000000076b30000 - 0x0000000076c9e000 	C:\WINDOWS\system32\tmumh\20019\TmMon\2.8.0.1045\tmmon64.dll
0x00007ff89d0f0000 - 0x00007ff89d142000 	C:\WINDOWS\System32\Shlwapi.dll
0x00007ff8840e0000 - 0x00007ff88417b000 	C:\Program Files (x86)\jdk-14.0.2\bin\msvcp140.dll
0x00007ff83b020000 - 0x00007ff83bb3e000 	C:\Program Files (x86)\jdk-14.0.2\bin\server\jvm.dll
0x00007ff88ea60000 - 0x00007ff88ea69000 	C:\WINDOWS\SYSTEM32\WSOCK32.dll
0x00007ff89edd0000 - 0x00007ff89ee3f000 	C:\WINDOWS\System32\WS2_32.dll
0x00007ff894860000 - 0x00007ff894884000 	C:\WINDOWS\SYSTEM32\WINMM.dll
0x00007ff894820000 - 0x00007ff89484d000 	C:\WINDOWS\SYSTEM32\WINMMBASE.dll
0x00007ff89cdb0000 - 0x00007ff89cdfa000 	C:\WINDOWS\System32\cfgmgr32.dll
0x00007ff89bf10000 - 0x00007ff89bf21000 	C:\WINDOWS\System32\kernel.appcore.dll
0x00007ff8949e0000 - 0x00007ff8949ea000 	C:\Program Files (x86)\jdk-14.0.2\bin\jimage.dll
0x00007ff892df0000 - 0x00007ff892fe4000 	C:\WINDOWS\SYSTEM32\DBGHELP.DLL
0x000002a3958c0000 - 0x000002a3958ea000 	C:\WINDOWS\SYSTEM32\dbgcore.DLL
0x00007ff892940000 - 0x00007ff892965000 	C:\Program Files (x86)\jdk-14.0.2\bin\java.dll
0x00007ff883f60000 - 0x00007ff883f76000 	C:\Program Files (x86)\jdk-14.0.2\bin\zip.dll
0x00007ff89d710000 - 0x00007ff89ddf5000 	C:\WINDOWS\System32\SHELL32.dll
0x00007ff89e2a0000 - 0x00007ff89e349000 	C:\WINDOWS\System32\shcore.dll
0x00007ff89c4b0000 - 0x00007ff89cc30000 	C:\WINDOWS\System32\windows.storage.dll
0x00007ff89bf80000 - 0x00007ff89bfa3000 	C:\WINDOWS\System32\profapi.dll
0x00007ff89bf30000 - 0x00007ff89bf7a000 	C:\WINDOWS\System32\powrprof.dll
0x00007ff89bf00000 - 0x00007ff89bf10000 	C:\WINDOWS\System32\UMPDC.dll
0x00007ff89bfd0000 - 0x00007ff89bfe7000 	C:\WINDOWS\System32\cryptsp.dll
0x00007ff8837e0000 - 0x00007ff8837f9000 	C:\Program Files (x86)\jdk-14.0.2\bin\net.dll
0x00007ff8951e0000 - 0x00007ff8952d0000 	C:\WINDOWS\SYSTEM32\WINHTTP.dll
0x00007ff89b710000 - 0x00007ff89b777000 	C:\WINDOWS\system32\mswsock.dll
0x00007ff8837c0000 - 0x00007ff8837d2000 	C:\Program Files (x86)\jdk-14.0.2\bin\nio.dll
0x00007ff88fc50000 - 0x00007ff88fc59000 	C:\Program Files (x86)\jdk-14.0.2\bin\management.dll
0x00007ff88c4e0000 - 0x00007ff88c4eb000 	C:\Program Files (x86)\jdk-14.0.2\bin\management_ext.dll
0x00007ff885880000 - 0x00007ff885896000 	C:\WINDOWS\system32\napinsp.dll
0x00007ff8858a0000 - 0x00007ff8858ba000 	C:\WINDOWS\system32\pnrpnsp.dll
0x00007ff89b460000 - 0x00007ff89b52a000 	C:\WINDOWS\SYSTEM32\DNSAPI.dll
0x00007ff89e760000 - 0x00007ff89e768000 	C:\WINDOWS\System32\NSI.dll
0x00007ff89b420000 - 0x00007ff89b45a000 	C:\WINDOWS\SYSTEM32\IPHLPAPI.DLL
0x00007ff8858c0000 - 0x00007ff8858ce000 	C:\WINDOWS\System32\winrnr.dll
0x00007ff898b60000 - 0x00007ff898b7c000 	C:\WINDOWS\system32\NLAapi.dll
0x00007ff8978d0000 - 0x00007ff8978e5000 	C:\WINDOWS\system32\wshbth.dll
0x00007ff8947f0000 - 0x00007ff8947fa000 	C:\Windows\System32\rasadhlp.dll
0x00007ff8975c0000 - 0x00007ff897637000 	C:\WINDOWS\System32\fwpuclnt.dll
0x00007ff89ccd0000 - 0x00007ff89ccf6000 	C:\WINDOWS\System32\bcrypt.dll
0x00007ff89b280000 - 0x00007ff89b2b3000 	C:\WINDOWS\system32\rsaenh.dll
0x00007ff89be20000 - 0x00007ff89be45000 	C:\WINDOWS\SYSTEM32\USERENV.dll
0x00007ff89b8e0000 - 0x00007ff89b8ec000 	C:\WINDOWS\SYSTEM32\CRYPTBASE.dll
0x00007ff897160000 - 0x00007ff897176000 	C:\WINDOWS\SYSTEM32\dhcpcsvc6.DLL
0x00007ff897040000 - 0x00007ff89705c000 	C:\WINDOWS\SYSTEM32\dhcpcsvc.DLL
0x00007ff8836b0000 - 0x00007ff8836be000 	C:\Program Files (x86)\jdk-14.0.2\bin\sunmscapi.dll
0x00007ff89ce00000 - 0x00007ff89cf49000 	C:\WINDOWS\System32\CRYPT32.dll
0x00007ff89bfb0000 - 0x00007ff89bfc2000 	C:\WINDOWS\System32\MSASN1.dll
0x00007ff89b9e0000 - 0x00007ff89ba06000 	C:\WINDOWS\SYSTEM32\ncrypt.dll
0x00007ff89b9a0000 - 0x00007ff89b9db000 	C:\WINDOWS\SYSTEM32\NTASN1.dll
0x00007ff883660000 - 0x00007ff883685000 	C:\Program Files (x86)\jdk-14.0.2\bin\sunec.dll

dbghelp: loaded successfully - version: 4.0.5 - missing functions: none
symbol engine: initialized successfully - sym options: 0x614 - pdb path: .;C:\Program Files (x86)\jdk-14.0.2\bin;C:\WINDOWS\SYSTEM32;C:\WINDOWS\WinSxS\amd64_microsoft.windows.common-controls_6595b64144ccf1df_6.0.18362.778_none_e6c6b761130d4fb8;C:\WINDOWS\system32\tmumh\20019\AddOn\8.53.0.1066;C:\WINDOWS\system32\tmumh\20019\TmMon\2.8.0.1045;C:\Program Files (x86)\jdk-14.0.2\bin\server

VM Arguments:
jvm_args: -Dcom.sun.management.jmxremote -Dcom.sun.management.jmxremote.port=64410 -Dcom.sun.management.jmxremote.authenticate=false -Dcom.sun.management.jmxremote.ssl=false -Djava.rmi.server.hostname=localhost -Dspring.jmx.enabled=true -Dspring.application.admin.enabled=true -Xverify:none -XX:TieredStopAtLevel=1 -Dspring.boot.project.name=wi_cafe -Dfile.encoding=UTF-8 
java_command: com.wicafe.demo.WiCafeApplication --spring.output.ansi.enabled=always
java_class_path (initial): C:\div_git\wi-cafe\target\classes;C:\Users\20100402\.m2\repository\org\springframework\boot\spring-boot-starter-data-jpa\2.4.0\spring-boot-starter-data-jpa-2.4.0.jar;C:\Users\20100402\.m2\repository\org\springframework\boot\spring-boot-starter-aop\2.4.0\spring-boot-starter-aop-2.4.0.jar;C:\Users\20100402\.m2\repository\org\springframework\spring-aop\5.3.1\spring-aop-5.3.1.jar;C:\Users\20100402\.m2\repository\org\aspectj\aspectjweaver\1.9.6\aspectjweaver-1.9.6.jar;C:\Users\20100402\.m2\repository\jakarta\transaction\jakarta.transaction-api\1.3.3\jakarta.transaction-api-1.3.3.jar;C:\Users\20100402\.m2\repository\jakarta\persistence\jakarta.persistence-api\2.2.3\jakarta.persistence-api-2.2.3.jar;C:\Users\20100402\.m2\repository\org\hibernate\hibernate-core\5.4.23.Final\hibernate-core-5.4.23.Final.jar;C:\Users\20100402\.m2\repository\org\jboss\logging\jboss-logging\3.4.1.Final\jboss-logging-3.4.1.Final.jar;C:\Users\20100402\.m2\repository\org\javassist\javassist\3.24.0-GA\javassist-3.24.0-GA.jar;C:\Users\20100402\.m2\repository\net\bytebuddy\byte-buddy\1.10.18\byte-buddy-1.10.18.jar;C:\Users\20100402\.m2\repository\antlr\antlr\2.7.7\antlr-2.7.7.jar;C:\Users\20100402\.m2\repository\org\jboss\jandex\2.1.3.Final\jandex-2.1.3.Final.jar;C:\Users\20100402\.m2\repository\com\fasterxml\classmate\1.5.1\classmate-1.5.1.jar;C:\Users\20100402\.m2\repository\org\dom4j\dom4j\2.1.3\dom4j-2.1.3.jar;C:\Users\20100402\.m2\repository\org\hibernate\common\hibernate-commons-annotations\5.1.2.Final\hibernate-commons-annotations-5.1.2.Final.jar;C:\Users\20100402\.m2\repository\org\glassfish\jaxb\jaxb-runtime\2.3.3\jaxb-runtime-2.3.3.jar;C:\Users\20100402\.m2\repository\org\glassfish\jaxb\txw2\2.3.3\txw2-2.3.3.jar;C:\Users\20100402\.m2\repository\com\sun\istack\istack-commons-runtime\3.0.11\istack-commons-runtime-3.0.11.jar;C:\Users\20100402\.m2\repository\com\sun\activation\jakarta.activation\1.2.2\jakarta.activation-1.2.2.jar;C:\Users\20100402\.m2\repository\org\
Launcher Type: SUN_STANDARD

[Global flags]
     intx CICompilerCount                          = 3                                         {product} {ergonomic}
     uint ConcGCThreads                            = 1                                         {product} {ergonomic}
     uint G1ConcRefinementThreads                  = 4                                         {product} {ergonomic}
   size_t G1HeapRegionSize                         = 1048576                                   {product} {ergonomic}
    uintx GCDrainStackTargetSize                   = 64                                        {product} {ergonomic}
   size_t InitialHeapSize                          = 67108864                                  {product} {ergonomic}
     bool ManagementServer                         = true                                      {product} {command line}
   size_t MarkStackSize                            = 4194304                                   {product} {ergonomic}
   size_t MaxHeapSize                              = 1050673152                                {product} {ergonomic}
   size_t MaxNewSize                               = 630194176                                 {product} {ergonomic}
   size_t MinHeapDeltaBytes                        = 1048576                                   {product} {ergonomic}
   size_t MinHeapSize                              = 8388608                                   {product} {ergonomic}
    uintx NonNMethodCodeHeapSize                   = 6973028                                {pd product} {ergonomic}
    uintx NonProfiledCodeHeapSize                  = 244685212                              {pd product} {ergonomic}
    uintx ProfiledCodeHeapSize                     = 0                                      {pd product} {ergonomic}
    uintx ReservedCodeCacheSize                    = 251658240                              {pd product} {ergonomic}
     bool SegmentedCodeCache                       = true                                      {product} {ergonomic}
   size_t SoftMaxHeapSize                          = 1050673152                             {manageable} {ergonomic}
     intx TieredStopAtLevel                        = 1                                         {product} {command line}
     bool UseCompressedClassPointers               = true                                 {lp64_product} {ergonomic}
     bool UseCompressedOops                        = true                                 {lp64_product} {ergonomic}
     bool UseG1GC                                  = true                                      {product} {ergonomic}
     bool UseLargePagesIndividualAllocation        = false                                  {pd product} {ergonomic}

Logging:
Log output configuration:
 #0: stdout all=warning uptime,level,tags
 #1: stderr all=off uptime,level,tags

Environment Variables:
JAVA_HOME=C:\Java\java8
PATH=C:/Java/java8/bin/server;C:/Java/java8/bin;C:\Java\java8\bin;C:\Program Files\PostgreSQL\12\bin;C:\WINDOWS\system32;C:\WINDOWS;C:\WINDOWS\System32\Wbem;C:\WINDOWS\System32\WindowsPowerShell\v1.0\;C:\WINDOWS\System32\OpenSSH\;C:\Program Files\kotlinc\bin;C:\Program Files\Git\cmd;C:\Program Files (x86)\Nodist\bin;C:\Users\20100402\AppData\Local\Microsoft\WindowsApps;;C:\Users\20100402\AppData\Local\Programs\Microsoft VS Code\bin;C:\Java\sts-4.7.1.RELEASE;
USERNAME=20100402
OS=Windows_NT
PROCESSOR_IDENTIFIER=Intel64 Family 6 Model 61 Stepping 4, GenuineIntel



---------------  S Y S T E M  ---------------

OS: Windows 10 , 64 bit Build 18362 (10.0.18362.778)
OS uptime: 3 days 15:31 hours

CPU:total 4 (initial active 4) (2 cores per cpu, 2 threads per core) family 6 model 61 stepping 4, cmov, cx8, fxsr, mmx, sse, sse2, sse3, ssse3, sse4.1, sse4.2, popcnt, avx, avx2, aes, clmul, erms, 3dnowpref, lzcnt, ht, tsc, tscinvbit, bmi1, bmi2, adx, fma

Memory: 4k page, system-wide physical 4007M (592M free)
TotalPageFile size 12711M (AvailPageFile size 4897M)
current process WorkingSet (physical memory assigned to process): 116M, peak: 215M
current process commit charge ("private bytes"): 259M, peak: 263M

vm_info: Java HotSpot(TM) 64-Bit Server VM (14.0.2+12-46) for windows-amd64 JRE (14.0.2+12-46), built on Jul  9 2020 00:35:52 by "mach5one" with MS VC++ 15.9 (VS2017)

END.
